<?xml version="1.0" encoding="UTF-8"?>
<testsuites>
  <testsuite name="" tests="30" assertions="108" errors="0" warnings="0" failures="0" skipped="0" time="0.052367">
    <testsuite name="Project Test Suite" tests="30" assertions="108" errors="0" warnings="0" failures="0" skipped="0" time="0.052367">
      <testsuite name="App\Tests\Blackjack\CardGraphicTest" file="/home/linn/dbwebb-kurser/mvc/me/report/tests/Blackjack/CardGraphicTest.php" tests="5" assertions="12" errors="0" warnings="0" failures="0" skipped="0" time="0.008963">
        <testcase name="testCreateCardGraphic" class="App\Tests\Blackjack\CardGraphicTest" classname="App.Tests.Blackjack.CardGraphicTest" file="/home/linn/dbwebb-kurser/mvc/me/report/tests/Blackjack/CardGraphicTest.php" line="11" assertions="3" time="0.007555"/>
        <testcase name="testGetAsStringReturns" class="App\Tests\Blackjack\CardGraphicTest" classname="App.Tests.Blackjack.CardGraphicTest" file="/home/linn/dbwebb-kurser/mvc/me/report/tests/Blackjack/CardGraphicTest.php" line="20" assertions="1" time="0.000329"/>
        <testcase name="testColorRed" class="App\Tests\Blackjack\CardGraphicTest" classname="App.Tests.Blackjack.CardGraphicTest" file="/home/linn/dbwebb-kurser/mvc/me/report/tests/Blackjack/CardGraphicTest.php" line="29" assertions="2" time="0.000384"/>
        <testcase name="testColorBlack" class="App\Tests\Blackjack\CardGraphicTest" classname="App.Tests.Blackjack.CardGraphicTest" file="/home/linn/dbwebb-kurser/mvc/me/report/tests/Blackjack/CardGraphicTest.php" line="38" assertions="2" time="0.000360"/>
        <testcase name="testAllSuits" class="App\Tests\Blackjack\CardGraphicTest" classname="App.Tests.Blackjack.CardGraphicTest" file="/home/linn/dbwebb-kurser/mvc/me/report/tests/Blackjack/CardGraphicTest.php" line="47" assertions="4" time="0.000336"/>
      </testsuite>
      <testsuite name="App\Tests\Blackjack\CardHandTest" file="/home/linn/dbwebb-kurser/mvc/me/report/tests/Blackjack/CardHandTest.php" tests="10" assertions="15" errors="0" warnings="0" failures="0" skipped="0" time="0.005199">
        <testcase name="testCreateEmptyHand" class="App\Tests\Blackjack\CardHandTest" classname="App.Tests.Blackjack.CardHandTest" file="/home/linn/dbwebb-kurser/mvc/me/report/tests/Blackjack/CardHandTest.php" line="12" assertions="3" time="0.001284"/>
        <testcase name="testAddCard" class="App\Tests\Blackjack\CardHandTest" classname="App.Tests.Blackjack.CardHandTest" file="/home/linn/dbwebb-kurser/mvc/me/report/tests/Blackjack/CardHandTest.php" line="21" assertions="2" time="0.000349"/>
        <testcase name="testGetTotal" class="App\Tests\Blackjack\CardHandTest" classname="App.Tests.Blackjack.CardHandTest" file="/home/linn/dbwebb-kurser/mvc/me/report/tests/Blackjack/CardHandTest.php" line="31" assertions="1" time="0.000296"/>
        <testcase name="testGetTotalWithFaceCards" class="App\Tests\Blackjack\CardHandTest" classname="App.Tests.Blackjack.CardHandTest" file="/home/linn/dbwebb-kurser/mvc/me/report/tests/Blackjack/CardHandTest.php" line="40" assertions="1" time="0.000322"/>
        <testcase name="testGetTotalWithAceAs14" class="App\Tests\Blackjack\CardHandTest" classname="App.Tests.Blackjack.CardHandTest" file="/home/linn/dbwebb-kurser/mvc/me/report/tests/Blackjack/CardHandTest.php" line="49" assertions="1" time="0.000315"/>
        <testcase name="testGetTotalWithAceAs1" class="App\Tests\Blackjack\CardHandTest" classname="App.Tests.Blackjack.CardHandTest" file="/home/linn/dbwebb-kurser/mvc/me/report/tests/Blackjack/CardHandTest.php" line="58" assertions="1" time="0.000300"/>
        <testcase name="testGetTotalWithMultipleAces" class="App\Tests\Blackjack\CardHandTest" classname="App.Tests.Blackjack.CardHandTest" file="/home/linn/dbwebb-kurser/mvc/me/report/tests/Blackjack/CardHandTest.php" line="70" assertions="1" time="0.000300"/>
        <testcase name="testIsBustFalse" class="App\Tests\Blackjack\CardHandTest" classname="App.Tests.Blackjack.CardHandTest" file="/home/linn/dbwebb-kurser/mvc/me/report/tests/Blackjack/CardHandTest.php" line="81" assertions="1" time="0.000662"/>
        <testcase name="testIsBustTrue" class="App\Tests\Blackjack\CardHandTest" classname="App.Tests.Blackjack.CardHandTest" file="/home/linn/dbwebb-kurser/mvc/me/report/tests/Blackjack/CardHandTest.php" line="90" assertions="1" time="0.000636"/>
        <testcase name="testGetCardsReturnsArray" class="App\Tests\Blackjack\CardHandTest" classname="App.Tests.Blackjack.CardHandTest" file="/home/linn/dbwebb-kurser/mvc/me/report/tests/Blackjack/CardHandTest.php" line="100" assertions="3" time="0.000736"/>
      </testsuite>
      <testsuite name="App\Tests\Blackjack\CardTest" file="/home/linn/dbwebb-kurser/mvc/me/report/tests/Blackjack/CardTest.php" tests="6" assertions="14" errors="0" warnings="0" failures="0" skipped="0" time="0.002781">
        <testcase name="testCreateCard" class="App\Tests\Blackjack\CardTest" classname="App.Tests.Blackjack.CardTest" file="/home/linn/dbwebb-kurser/mvc/me/report/tests/Blackjack/CardTest.php" line="12" assertions="3" time="0.000329"/>
        <testcase name="testGetPointAce" class="App\Tests\Blackjack\CardTest" classname="App.Tests.Blackjack.CardTest" file="/home/linn/dbwebb-kurser/mvc/me/report/tests/Blackjack/CardTest.php" line="21" assertions="1" time="0.000381"/>
        <testcase name="testGetPointFaceCard" class="App\Tests\Blackjack\CardTest" classname="App.Tests.Blackjack.CardTest" file="/home/linn/dbwebb-kurser/mvc/me/report/tests/Blackjack/CardTest.php" line="27" assertions="3" time="0.000544"/>
        <testcase name="testGetPointValueNumber" class="App\Tests\Blackjack\CardTest" classname="App.Tests.Blackjack.CardTest" file="/home/linn/dbwebb-kurser/mvc/me/report/tests/Blackjack/CardTest.php" line="39" assertions="1" time="0.000359"/>
        <testcase name="testGetAsString" class="App\Tests\Blackjack\CardTest" classname="App.Tests.Blackjack.CardTest" file="/home/linn/dbwebb-kurser/mvc/me/report/tests/Blackjack/CardTest.php" line="45" assertions="2" time="0.000822"/>
        <testcase name="testGetSuitSymbol" class="App\Tests\Blackjack\CardTest" classname="App.Tests.Blackjack.CardTest" file="/home/linn/dbwebb-kurser/mvc/me/report/tests/Blackjack/CardTest.php" line="55" assertions="4" time="0.000346"/>
      </testsuite>
      <testsuite name="App\Tests\Blackjack\DeckOfCardsTest" file="/home/linn/dbwebb-kurser/mvc/me/report/tests/Blackjack/DeckOfCardsTest.php" tests="7" assertions="64" errors="0" warnings="0" failures="0" skipped="0" time="0.006291">
        <testcase name="testCreateDeck" class="App\Tests\Blackjack\DeckOfCardsTest" classname="App.Tests.Blackjack.DeckOfCardsTest" file="/home/linn/dbwebb-kurser/mvc/me/report/tests/Blackjack/DeckOfCardsTest.php" line="12" assertions="2" time="0.000832"/>
        <testcase name="testGetCards" class="App\Tests\Blackjack\DeckOfCardsTest" classname="App.Tests.Blackjack.DeckOfCardsTest" file="/home/linn/dbwebb-kurser/mvc/me/report/tests/Blackjack/DeckOfCardsTest.php" line="20" assertions="3" time="0.000491"/>
        <testcase name="testShuffle" class="App\Tests\Blackjack\DeckOfCardsTest" classname="App.Tests.Blackjack.DeckOfCardsTest" file="/home/linn/dbwebb-kurser/mvc/me/report/tests/Blackjack/DeckOfCardsTest.php" line="30" assertions="2" time="0.002478"/>
        <testcase name="testDraw" class="App\Tests\Blackjack\DeckOfCardsTest" classname="App.Tests.Blackjack.DeckOfCardsTest" file="/home/linn/dbwebb-kurser/mvc/me/report/tests/Blackjack/DeckOfCardsTest.php" line="47" assertions="2" time="0.000461"/>
        <testcase name="testDrawMultiple" class="App\Tests\Blackjack\DeckOfCardsTest" classname="App.Tests.Blackjack.DeckOfCardsTest" file="/home/linn/dbwebb-kurser/mvc/me/report/tests/Blackjack/DeckOfCardsTest.php" line="56" assertions="1" time="0.000396"/>
        <testcase name="testDrawAll" class="App\Tests\Blackjack\DeckOfCardsTest" classname="App.Tests.Blackjack.DeckOfCardsTest" file="/home/linn/dbwebb-kurser/mvc/me/report/tests/Blackjack/DeckOfCardsTest.php" line="66" assertions="53" time="0.000729"/>
        <testcase name="testDrawFromEmptyDeck" class="App\Tests\Blackjack\DeckOfCardsTest" classname="App.Tests.Blackjack.DeckOfCardsTest" file="/home/linn/dbwebb-kurser/mvc/me/report/tests/Blackjack/DeckOfCardsTest.php" line="78" assertions="1" time="0.000903"/>
      </testsuite>
      <testsuite name="App\Dice\DiceTest" file="/home/linn/dbwebb-kurser/mvc/me/report/tests/Dice/DiceTest.php" tests="1" assertions="2" errors="0" warnings="0" failures="0" skipped="0" time="0.001124">
        <testcase name="testCreateDice" class="App\Dice\DiceTest" classname="App.Dice.DiceTest" file="/home/linn/dbwebb-kurser/mvc/me/report/tests/Dice/DiceTest.php" line="16" assertions="2" time="0.001124"/>
      </testsuite>
      <testsuite name="App\Tests\Service\LibraryServiceTest" file="/home/linn/dbwebb-kurser/mvc/me/report/tests/Service/LibraryserviceTest.php" tests="1" assertions="1" errors="0" warnings="0" failures="0" skipped="0" time="0.028009">
        <testcase name="testCreateBookPersistsBook" class="App\Tests\Service\LibraryServiceTest" classname="App.Tests.Service.LibraryServiceTest" file="/home/linn/dbwebb-kurser/mvc/me/report/tests/Service/LibraryserviceTest.php" line="13" assertions="1" time="0.028009"/>
      </testsuite>
    </testsuite>
  </testsuite>
</testsuites>
